c:\users\hydrapony\1337 h4x0r\tmnt ai\lib\debug\turtleengine.pdb
c:\users\hydrapony\1337 h4x0r\tmnt ai\turtleengine.dir\debug\scene.obj
c:\users\hydrapony\1337 h4x0r\tmnt ai\turtleengine.dir\debug\shader.obj
c:\users\hydrapony\1337 h4x0r\tmnt ai\turtleengine.dir\debug\renderer.obj
c:\users\hydrapony\1337 h4x0r\tmnt ai\cmakefiles\generate.stamp
c:\users\hydrapony\1337 h4x0r\tmnt ai\lib\debug\turtleengine.lib
c:\users\hydrapony\1337 h4x0r\tmnt ai\bin\debug\turtleengine.exe
c:\users\hydrapony\1337 h4x0r\tmnt ai\bin\debug\turtleengine.pdb
c:\users\hydrapony\1337 h4x0r\tmnt ai\turtleengine.dir\debug\turtleengine.ilk
c:\users\hydrapony\1337 h4x0r\tmnt ai\turtleengine.dir\debug\engine.obj
c:\users\hydrapony\1337 h4x0r\tmnt ai\turtleengine.dir\debug\inputmanager.obj
c:\users\hydrapony\1337 h4x0r\tmnt ai\turtleengine.dir\debug\main.obj
c:\users\hydrapony\1337 h4x0r\tmnt ai\turtleengine.dir\debug\window.obj
c:\users\hydrapony\1337 h4x0r\tmnt ai\turtleengine.dir\debug\vc143.pdb
c:\users\hydrapony\1337 h4x0r\tmnt ai\turtleengine.dir\debug\turtleengine.tlog\cl.command.1.tlog
c:\users\hydrapony\1337 h4x0r\tmnt ai\turtleengine.dir\debug\turtleengine.tlog\cl.items.tlog
c:\users\hydrapony\1337 h4x0r\tmnt ai\turtleengine.dir\debug\turtleengine.tlog\cl.read.1.tlog
c:\users\hydrapony\1337 h4x0r\tmnt ai\turtleengine.dir\debug\turtleengine.tlog\cl.write.1.tlog
c:\users\hydrapony\1337 h4x0r\tmnt ai\turtleengine.dir\debug\turtleengine.tlog\custombuild.command.1.tlog
c:\users\hydrapony\1337 h4x0r\tmnt ai\turtleengine.dir\debug\turtleengine.tlog\custombuild.read.1.tlog
c:\users\hydrapony\1337 h4x0r\tmnt ai\turtleengine.dir\debug\turtleengine.tlog\custombuild.write.1.tlog
c:\users\hydrapony\1337 h4x0r\tmnt ai\turtleengine.dir\debug\turtleengine.tlog\lib-link.read.1.tlog
c:\users\hydrapony\1337 h4x0r\tmnt ai\turtleengine.dir\debug\turtleengine.tlog\lib-link.write.1.tlog
c:\users\hydrapony\1337 h4x0r\tmnt ai\turtleengine.dir\debug\turtleengine.tlog\lib.command.1.tlog
c:\users\hydrapony\1337 h4x0r\tmnt ai\turtleengine.dir\debug\turtleengine.tlog\link.command.1.tlog
c:\users\hydrapony\1337 h4x0r\tmnt ai\turtleengine.dir\debug\turtleengine.tlog\link.read.1.tlog
c:\users\hydrapony\1337 h4x0r\tmnt ai\turtleengine.dir\debug\turtleengine.tlog\link.secondary.1.tlog
c:\users\hydrapony\1337 h4x0r\tmnt ai\turtleengine.dir\debug\turtleengine.tlog\link.write.1.tlog
